# JRE version: Java(TM) SE Runtime Environment (21.0.7+8) (build 21.0.7+8-LTS-245)
# Java VM: Java HotSpot(TM) 64-Bit Server VM (21.0.7+8-LTS-245, mixed mode, emulated-client, sharing, tiered, compressed oops, compressed class ptrs, g1 gc, windows-amd64)
GC Precious Log:
 CardTable entry size: 512
 Card Set container configuration: InlinePtr #cards 4 size 8 Array Of Cards #cards 16 size 48 Howl #buckets 8 coarsen threshold 3686 Howl Bitmap #cards 512 size 80 coarsen threshold 460 Card regions per heap region 1 cards per card region 4096
 CPUs: 8 total, 8 available
 Memory: 16262M
 Large Page Support: Disabled
 NUMA Support: Disabled
 Compressed Oops: Enabled (Zero based)
 Heap Region Size: 2M
 Heap Min Capacity: 8M
 Heap Initial Capacity: 256M
 Heap Max Capacity: 4066M
 Pre-touch: Disabled
 Parallel Workers: 8
 Concurrent Workers: 2
 Concurrent Refinement Workers: 8
 Periodic GC: Disabled
Heap:
 garbage-first heap   total 270336K, used 112947K [0x0000000701e00000, 0x0000000800000000)
  region size 2048K, 3 young (6144K), 3 survivors (6144K)
 Metaspace       used 65755K, committed 66368K, reserved 1114112K
  class space    used 9665K, committed 9920K, reserved 1048576K
GC Heap History (20 events):
Event: 13.465 GC heap after
{Heap after GC invocations=17 (full 0):
 garbage-first heap   total 98304K, used 36958K [0x0000000701e00000, 0x0000000800000000)
  region size 2048K, 4 young (8192K), 4 survivors (8192K)
 Metaspace       used 65600K, committed 66240K, reserved 1114112K
  class space    used 9648K, committed 9920K, reserved 1048576K
}
Event: 13.900 GC heap before
{Heap before GC invocations=17 (full 0):
 garbage-first heap   total 98304K, used 82014K [0x0000000701e00000, 0x0000000800000000)
  region size 2048K, 26 young (53248K), 4 survivors (8192K)
 Metaspace       used 65710K, committed 66368K, reserved 1114112K
  class space    used 9656K, committed 9920K, reserved 1048576K
}
Event: 13.904 GC heap after
{Heap after GC invocations=18 (full 0):
 garbage-first heap   total 98304K, used 33647K [0x0000000701e00000, 0x0000000800000000)
  region size 2048K, 1 young (2048K), 1 survivors (2048K)
 Metaspace       used 65710K, committed 66368K, reserved 1114112K
  class space    used 9656K, committed 9920K, reserved 1048576K
}
Event: 14.251 GC heap before
{Heap before GC invocations=19 (full 0):
 garbage-first heap   total 98304K, used 86895K [0x0000000701e00000, 0x0000000800000000)
  region size 2048K, 27 young (55296K), 1 survivors (2048K)
 Metaspace       used 65713K, committed 66368K, reserved 1114112K
  class space    used 9656K, committed 9920K, reserved 1048576K
}
Event: 14.269 GC heap after
{Heap after GC invocations=20 (full 0):
 garbage-first heap   total 106496K, used 50968K [0x0000000701e00000, 0x0000000800000000)
  region size 2048K, 4 young (8192K), 4 survivors (8192K)
 Metaspace       used 65713K, committed 66368K, reserved 1114112K
  class space    used 9656K, committed 9920K, reserved 1048576K
}
Event: 14.490 GC heap before
{Heap before GC invocations=20 (full 0):
 garbage-first heap   total 106496K, used 85784K [0x0000000701e00000, 0x0000000800000000)
  region size 2048K, 21 young (43008K), 4 survivors (8192K)
 Metaspace       used 65713K, committed 66368K, reserved 1114112K
  class space    used 9656K, committed 9920K, reserved 1048576K
}
Event: 14.508 GC heap after
{Heap after GC invocations=21 (full 0):
 garbage-first heap   total 106496K, used 60385K [0x0000000701e00000, 0x0000000800000000)
  region size 2048K, 3 young (6144K), 3 survivors (6144K)
 Metaspace       used 65713K, committed 66368K, reserved 1114112K
  class space    used 9656K, committed 9920K, reserved 1048576K
}
Event: 14.628 GC heap before
{Heap before GC invocations=21 (full 0):
 garbage-first heap   total 106496K, used 87009K [0x0000000701e00000, 0x0000000800000000)
  region size 2048K, 16 young (32768K), 3 survivors (6144K)
 Metaspace       used 65714K, committed 66368K, reserved 1114112K
  class space    used 9656K, committed 9920K, reserved 1048576K
}
Event: 14.644 GC heap after
{Heap after GC invocations=22 (full 0):
 garbage-first heap   total 151552K, used 72768K [0x0000000701e00000, 0x0000000800000000)
  region size 2048K, 2 young (4096K), 2 survivors (4096K)
 Metaspace       used 65714K, committed 66368K, reserved 1114112K
  class space    used 9656K, committed 9920K, reserved 1048576K
}
Event: 14.945 GC heap before
{Heap before GC invocations=23 (full 0):
 garbage-first heap   total 157696K, used 115776K [0x0000000701e00000, 0x0000000800000000)
  region size 2048K, 23 young (47104K), 2 survivors (4096K)
 Metaspace       used 65714K, committed 66368K, reserved 1114112K
  class space    used 9656K, committed 9920K, reserved 1048576K
}
Event: 14.966 GC heap after
{Heap after GC invocations=24 (full 0):
 garbage-first heap   total 157696K, used 92672K [0x0000000701e00000, 0x0000000800000000)
  region size 2048K, 3 young (6144K), 3 survivors (6144K)
 Metaspace       used 65714K, committed 66368K, reserved 1114112K
  class space    used 9656K, committed 9920K, reserved 1048576K
}
Event: 15.102 GC heap before
{Heap before GC invocations=24 (full 0):
 garbage-first heap   total 157696K, used 125440K [0x0000000701e00000, 0x0000000800000000)
  region size 2048K, 19 young (38912K), 3 survivors (6144K)
 Metaspace       used 65714K, committed 66368K, reserved 1114112K
  class space    used 9656K, committed 9920K, reserved 1048576K
}
Event: 15.117 GC heap after
{Heap after GC invocations=25 (full 0):
 garbage-first heap   total 157696K, used 105550K [0x0000000701e00000, 0x0000000800000000)
  region size 2048K, 3 young (6144K), 3 survivors (6144K)
 Metaspace       used 65714K, committed 66368K, reserved 1114112K
  class space    used 9656K, committed 9920K, reserved 1048576K
}
Event: 15.140 GC heap before
{Heap before GC invocations=25 (full 0):
 garbage-first heap   total 157696K, used 109646K [0x0000000701e00000, 0x0000000800000000)
  region size 2048K, 6 young (12288K), 3 survivors (6144K)
 Metaspace       used 65714K, committed 66368K, reserved 1114112K
  class space    used 9656K, committed 9920K, reserved 1048576K
}
Event: 15.152 GC heap after
{Heap after GC invocations=26 (full 0):
 garbage-first heap   total 157696K, used 109189K [0x0000000701e00000, 0x0000000800000000)
  region size 2048K, 2 young (4096K), 2 survivors (4096K)
 Metaspace       used 65714K, committed 66368K, reserved 1114112K
  class space    used 9656K, committed 9920K, reserved 1048576K
}
Event: 15.341 GC heap before
{Heap before GC invocations=26 (full 0):
 garbage-first heap   total 194560K, used 117381K [0x0000000701e00000, 0x0000000800000000)
  region size 2048K, 12 young (24576K), 2 survivors (4096K)
 Metaspace       used 65714K, committed 66368K, reserved 1114112K
  class space    used 9656K, committed 9920K, reserved 1048576K
}
Event: 15.355 GC heap after
{Heap after GC invocations=27 (full 0):
 garbage-first heap   total 194560K, used 105654K [0x0000000701e00000, 0x0000000800000000)
  region size 2048K, 2 young (4096K), 2 survivors (4096K)
 Metaspace       used 65714K, committed 66368K, reserved 1114112K
  class space    used 9656K, committed 9920K, reserved 1048576K
}
Event: 15.570 GC heap before
{Heap before GC invocations=28 (full 0):
 garbage-first heap   total 194560K, used 148662K [0x0000000701e00000, 0x0000000800000000)
  region size 2048K, 23 young (47104K), 2 survivors (4096K)
 Metaspace       used 65714K, committed 66368K, reserved 1114112K
  class space    used 9656K, committed 9920K, reserved 1048576K
}
Event: 15.588 GC heap after
{Heap after GC invocations=29 (full 0):
 garbage-first heap   total 194560K, used 122851K [0x0000000701e00000, 0x0000000800000000)
  region size 2048K, 3 young (6144K), 3 survivors (6144K)
 Metaspace       used 65714K, committed 66368K, reserved 1114112K
  class space    used 9656K, committed 9920K, reserved 1048576K
}
Event: 15.892 GC heap before
{Heap before GC invocations=29 (full 0):
 garbage-first heap   total 194560K, used 157667K [0x0000000701e00000, 0x0000000800000000)
  region size 2048K, 20 young (40960K), 3 survivors (6144K)
 Metaspace       used 65755K, committed 66368K, reserved 1114112K
  class space    used 9665K, committed 9920K, reserved 1048576K
}

